2023-03-08 14:47:26 crtsurfdata5 开始运行。
2023-03-08 14:47:26 读入vstcode 839条数据
2023-03-08 14:47:26 写入vsurfdata839条数据
2023-03-08 14:47:26 生成数据文件/home/lyq/project/tem/surfdata/SURF_ZH_20230308144726_358027.csv成功，数据时间20230308144726，记录数839。
2023-03-08 14:47:26 生成数据文件/home/lyq/project/tem/surfdata/SURF_ZH_20230308144726_358027.xml成功，数据时间20230308144726，记录数839。
2023-03-08 14:47:26 生成数据文件/home/lyq/project/tem/surfdata/SURF_ZH_20230308144726_358027.json成功，数据时间20230308144726，记录数839。
2023-03-08 14:47:26 crtsurfdata5 运行结束。
2023-03-08 14:48:42 crtsurfdata5 开始运行。
2023-03-08 14:48:42 读入vstcode 839条数据
2023-03-08 14:48:42 写入vsurfdata839条数据
2023-03-08 14:48:42 生成数据文件/home/lyq/project/tem/surfdata/SURF_ZH_20230308144842_358247.csv成功，数据时间20230308144842，记录数839。
2023-03-08 14:48:42 生成数据文件/home/lyq/project/tem/surfdata/SURF_ZH_20230308144842_358247.xml成功，数据时间20230308144842，记录数839。
2023-03-08 14:48:42 生成数据文件/home/lyq/project/tem/surfdata/SURF_ZH_20230308144842_358247.json成功，数据时间20230308144842，记录数839。
2023-03-08 14:48:42 crtsurfdata5 运行结束。
2023-03-08 14:48:52 crtsurfdata5 开始运行。
2023-03-08 14:48:52 读入vstcode 839条数据
2023-03-08 14:48:52 写入vsurfdata839条数据
2023-03-08 14:48:52 生成数据文件/home/lyq/project/tem/surfdata/SURF_ZH_20230308144852_358334.csv成功，数据时间20230308144852，记录数839。
2023-03-08 14:48:52 生成数据文件/home/lyq/project/tem/surfdata/SURF_ZH_20230308144852_358334.xml成功，数据时间20230308144852，记录数839。
2023-03-08 14:48:52 生成数据文件/home/lyq/project/tem/surfdata/SURF_ZH_20230308144852_358334.json成功，数据时间20230308144852，记录数839。
2023-03-08 14:48:52 crtsurfdata5 运行结束。
2023-03-08 14:49:02 crtsurfdata5 开始运行。
2023-03-08 14:49:02 读入vstcode 839条数据
2023-03-08 14:49:02 写入vsurfdata839条数据
2023-03-08 14:49:02 生成数据文件/home/lyq/project/tem/surfdata/SURF_ZH_20230308144902_358344.csv成功，数据时间20230308144902，记录数839。
2023-03-08 14:49:02 生成数据文件/home/lyq/project/tem/surfdata/SURF_ZH_20230308144902_358344.xml成功，数据时间20230308144902，记录数839。
2023-03-08 14:49:02 生成数据文件/home/lyq/project/tem/surfdata/SURF_ZH_20230308144902_358344.json成功，数据时间20230308144902，记录数839。
2023-03-08 14:49:02 crtsurfdata5 运行结束。
2023-03-08 14:49:12 crtsurfdata5 开始运行。
2023-03-08 14:49:12 读入vstcode 839条数据
2023-03-08 14:49:12 写入vsurfdata839条数据
2023-03-08 14:49:12 生成数据文件/home/lyq/project/tem/surfdata/SURF_ZH_20230308144912_358349.csv成功，数据时间20230308144912，记录数839。
2023-03-08 14:49:12 生成数据文件/home/lyq/project/tem/surfdata/SURF_ZH_20230308144912_358349.xml成功，数据时间20230308144912，记录数839。
2023-03-08 14:49:12 生成数据文件/home/lyq/project/tem/surfdata/SURF_ZH_20230308144912_358349.json成功，数据时间20230308144912，记录数839。
2023-03-08 14:49:12 crtsurfdata5 运行结束。
2023-03-08 14:49:22 crtsurfdata5 开始运行。
2023-03-08 14:49:22 读入vstcode 839条数据
2023-03-08 14:49:22 写入vsurfdata839条数据
2023-03-08 14:49:22 生成数据文件/home/lyq/project/tem/surfdata/SURF_ZH_20230308144922_358354.csv成功，数据时间20230308144922，记录数839。
2023-03-08 14:49:22 生成数据文件/home/lyq/project/tem/surfdata/SURF_ZH_20230308144922_358354.xml成功，数据时间20230308144922，记录数839。
2023-03-08 14:49:22 生成数据文件/home/lyq/project/tem/surfdata/SURF_ZH_20230308144922_358354.json成功，数据时间20230308144922，记录数839。
2023-03-08 14:49:22 crtsurfdata5 运行结束。
2023-03-08 14:49:32 crtsurfdata5 开始运行。
2023-03-08 14:49:32 读入vstcode 839条数据
2023-03-08 14:49:32 写入vsurfdata839条数据
2023-03-08 14:49:32 生成数据文件/home/lyq/project/tem/surfdata/SURF_ZH_20230308144932_358375.csv成功，数据时间20230308144932，记录数839。
2023-03-08 14:49:32 生成数据文件/home/lyq/project/tem/surfdata/SURF_ZH_20230308144932_358375.xml成功，数据时间20230308144932，记录数839。
2023-03-08 14:49:32 生成数据文件/home/lyq/project/tem/surfdata/SURF_ZH_20230308144932_358375.json成功，数据时间20230308144932，记录数839。
2023-03-08 14:49:32 crtsurfdata5 运行结束。
2023-03-08 14:49:42 crtsurfdata5 开始运行。
2023-03-08 14:49:42 读入vstcode 839条数据
2023-03-08 14:49:42 写入vsurfdata839条数据
2023-03-08 14:49:42 生成数据文件/home/lyq/project/tem/surfdata/SURF_ZH_20230308144942_358393.csv成功，数据时间20230308144942，记录数839。
2023-03-08 14:49:42 生成数据文件/home/lyq/project/tem/surfdata/SURF_ZH_20230308144942_358393.xml成功，数据时间20230308144942，记录数839。
2023-03-08 14:49:42 生成数据文件/home/lyq/project/tem/surfdata/SURF_ZH_20230308144942_358393.json成功，数据时间20230308144942，记录数839。
2023-03-08 14:49:42 crtsurfdata5 运行结束。
2023-03-08 14:49:52 crtsurfdata5 开始运行。
2023-03-08 14:49:52 读入vstcode 839条数据
2023-03-08 14:49:52 写入vsurfdata839条数据
2023-03-08 14:49:52 生成数据文件/home/lyq/project/tem/surfdata/SURF_ZH_20230308144952_358414.csv成功，数据时间20230308144952，记录数839。
2023-03-08 14:49:52 生成数据文件/home/lyq/project/tem/surfdata/SURF_ZH_20230308144952_358414.xml成功，数据时间20230308144952，记录数839。
2023-03-08 14:49:52 生成数据文件/home/lyq/project/tem/surfdata/SURF_ZH_20230308144952_358414.json成功，数据时间20230308144952，记录数839。
2023-03-08 14:49:52 crtsurfdata5 运行结束。
2023-03-08 14:50:02 crtsurfdata5 开始运行。
2023-03-08 14:50:02 读入vstcode 839条数据
2023-03-08 14:50:02 写入vsurfdata839条数据
2023-03-08 14:50:02 生成数据文件/home/lyq/project/tem/surfdata/SURF_ZH_20230308145002_358421.csv成功，数据时间20230308145002，记录数839。
2023-03-08 14:50:02 生成数据文件/home/lyq/project/tem/surfdata/SURF_ZH_20230308145002_358421.xml成功，数据时间20230308145002，记录数839。
2023-03-08 14:50:02 生成数据文件/home/lyq/project/tem/surfdata/SURF_ZH_20230308145002_358421.json成功，数据时间20230308145002，记录数839。
2023-03-08 14:50:02 crtsurfdata5 运行结束。
2023-03-08 14:50:12 crtsurfdata5 开始运行。
2023-03-08 14:50:12 读入vstcode 839条数据
2023-03-08 14:50:12 写入vsurfdata839条数据
2023-03-08 14:50:12 生成数据文件/home/lyq/project/tem/surfdata/SURF_ZH_20230308145012_358426.csv成功，数据时间20230308145012，记录数839。
2023-03-08 14:50:12 生成数据文件/home/lyq/project/tem/surfdata/SURF_ZH_20230308145012_358426.xml成功，数据时间20230308145012，记录数839。
2023-03-08 14:50:12 生成数据文件/home/lyq/project/tem/surfdata/SURF_ZH_20230308145012_358426.json成功，数据时间20230308145012，记录数839。
2023-03-08 14:50:12 crtsurfdata5 运行结束。
2023-03-08 14:50:22 crtsurfdata5 开始运行。
2023-03-08 14:50:22 读入vstcode 839条数据
2023-03-08 14:50:22 写入vsurfdata839条数据
2023-03-08 14:50:22 生成数据文件/home/lyq/project/tem/surfdata/SURF_ZH_20230308145022_358432.csv成功，数据时间20230308145022，记录数839。
2023-03-08 14:50:22 生成数据文件/home/lyq/project/tem/surfdata/SURF_ZH_20230308145022_358432.xml成功，数据时间20230308145022，记录数839。
2023-03-08 14:50:22 生成数据文件/home/lyq/project/tem/surfdata/SURF_ZH_20230308145022_358432.json成功，数据时间20230308145022，记录数839。
2023-03-08 14:50:22 crtsurfdata5 运行结束。
2023-03-08 14:50:32 crtsurfdata5 开始运行。
2023-03-08 14:50:32 读入vstcode 839条数据
2023-03-08 14:50:32 写入vsurfdata839条数据
2023-03-08 14:50:32 生成数据文件/home/lyq/project/tem/surfdata/SURF_ZH_20230308145032_358439.csv成功，数据时间20230308145032，记录数839。
2023-03-08 14:50:32 生成数据文件/home/lyq/project/tem/surfdata/SURF_ZH_20230308145032_358439.xml成功，数据时间20230308145032，记录数839。
2023-03-08 14:50:32 生成数据文件/home/lyq/project/tem/surfdata/SURF_ZH_20230308145032_358439.json成功，数据时间20230308145032，记录数839。
2023-03-08 14:50:32 crtsurfdata5 运行结束。
2023-03-08 14:50:42 crtsurfdata5 开始运行。
2023-03-08 14:50:42 读入vstcode 839条数据
2023-03-08 14:50:42 写入vsurfdata839条数据
2023-03-08 14:50:42 生成数据文件/home/lyq/project/tem/surfdata/SURF_ZH_20230308145042_358448.csv成功，数据时间20230308145042，记录数839。
2023-03-08 14:50:42 生成数据文件/home/lyq/project/tem/surfdata/SURF_ZH_20230308145042_358448.xml成功，数据时间20230308145042，记录数839。
2023-03-08 14:50:42 生成数据文件/home/lyq/project/tem/surfdata/SURF_ZH_20230308145042_358448.json成功，数据时间20230308145042，记录数839。
2023-03-08 14:50:42 crtsurfdata5 运行结束。
