2023-03-13 18:15:29 crtsurfdata 开始运行。
2023-03-13 18:15:29 读入vstcode 839条数据
2023-03-13 18:15:29 写入vsurfdata839条数据
2023-03-13 18:15:29 生成数据文件/home/lyq/project/tem/surfdata/SURF_ZH_20230313181529_98373.csv成功，数据时间20230313181529，记录数839。
2023-03-13 18:15:29 生成数据文件/home/lyq/project/tem/surfdata/SURF_ZH_20230313181529_98373.xml成功，数据时间20230313181529，记录数839。
2023-03-13 18:15:29 生成数据文件/home/lyq/project/tem/surfdata/SURF_ZH_20230313181529_98373.json成功，数据时间20230313181529，记录数839。
2023-03-13 18:15:29 crtsurfdata 运行结束。
2023-03-13 18:16:29 crtsurfdata 开始运行。
2023-03-13 18:16:29 读入vstcode 839条数据
2023-03-13 18:16:29 写入vsurfdata839条数据
2023-03-13 18:16:29 生成数据文件/home/lyq/project/tem/surfdata/SURF_ZH_20230313181629_98486.csv成功，数据时间20230313181629，记录数839。
2023-03-13 18:16:29 生成数据文件/home/lyq/project/tem/surfdata/SURF_ZH_20230313181629_98486.xml成功，数据时间20230313181629，记录数839。
2023-03-13 18:16:29 生成数据文件/home/lyq/project/tem/surfdata/SURF_ZH_20230313181629_98486.json成功，数据时间20230313181629，记录数839。
2023-03-13 18:16:29 crtsurfdata 运行结束。
2023-03-13 18:17:29 crtsurfdata 开始运行。
2023-03-13 18:17:29 读入vstcode 839条数据
2023-03-13 18:17:29 写入vsurfdata839条数据
2023-03-13 18:17:29 生成数据文件/home/lyq/project/tem/surfdata/SURF_ZH_20230313181729_98595.csv成功，数据时间20230313181729，记录数839。
2023-03-13 18:17:29 生成数据文件/home/lyq/project/tem/surfdata/SURF_ZH_20230313181729_98595.xml成功，数据时间20230313181729，记录数839。
2023-03-13 18:17:29 生成数据文件/home/lyq/project/tem/surfdata/SURF_ZH_20230313181729_98595.json成功，数据时间20230313181729，记录数839。
2023-03-13 18:17:29 crtsurfdata 运行结束。
2023-03-13 18:18:29 crtsurfdata 开始运行。
2023-03-13 18:18:29 读入vstcode 839条数据
2023-03-13 18:18:29 写入vsurfdata839条数据
2023-03-13 18:18:29 生成数据文件/home/lyq/project/tem/surfdata/SURF_ZH_20230313181829_98669.csv成功，数据时间20230313181829，记录数839。
2023-03-13 18:18:29 生成数据文件/home/lyq/project/tem/surfdata/SURF_ZH_20230313181829_98669.xml成功，数据时间20230313181829，记录数839。
2023-03-13 18:18:29 生成数据文件/home/lyq/project/tem/surfdata/SURF_ZH_20230313181829_98669.json成功，数据时间20230313181829，记录数839。
2023-03-13 18:18:29 crtsurfdata 运行结束。
2023-03-13 18:19:29 crtsurfdata 开始运行。
2023-03-13 18:19:29 读入vstcode 839条数据
2023-03-13 18:19:29 写入vsurfdata839条数据
2023-03-13 18:19:29 生成数据文件/home/lyq/project/tem/surfdata/SURF_ZH_20230313181929_98757.csv成功，数据时间20230313181929，记录数839。
2023-03-13 18:19:29 生成数据文件/home/lyq/project/tem/surfdata/SURF_ZH_20230313181929_98757.xml成功，数据时间20230313181929，记录数839。
2023-03-13 18:19:29 生成数据文件/home/lyq/project/tem/surfdata/SURF_ZH_20230313181929_98757.json成功，数据时间20230313181929，记录数839。
2023-03-13 18:19:29 crtsurfdata 运行结束。
2023-03-13 18:20:29 crtsurfdata 开始运行。
2023-03-13 18:20:29 读入vstcode 839条数据
2023-03-13 18:20:29 写入vsurfdata839条数据
2023-03-13 18:20:29 生成数据文件/home/lyq/project/tem/surfdata/SURF_ZH_20230313182029_98774.csv成功，数据时间20230313182029，记录数839。
2023-03-13 18:20:29 生成数据文件/home/lyq/project/tem/surfdata/SURF_ZH_20230313182029_98774.xml成功，数据时间20230313182029，记录数839。
2023-03-13 18:20:29 生成数据文件/home/lyq/project/tem/surfdata/SURF_ZH_20230313182029_98774.json成功，数据时间20230313182029，记录数839。
2023-03-13 18:20:29 crtsurfdata 运行结束。
